.........[Sweep] enumerate_combos: filtered 1 combo(s) where LPTT % RPA_KERNEL_K != 0 (sched_K must be an integer multiple of kernel_K).
.................................................................usage: python3 -m unittest [-h] [--base-dir BASE_DIR] [--script SCRIPT]
                           [--auto-commit-every AUTO_COMMIT_EVERY] [--no-push]
                           [--runlog RUNLOG]
                           spec
python3 -m unittest: error: --auto-commit-every must be >= 0
..usage: python3 -m unittest [-h] [--base-dir BASE_DIR] [--script SCRIPT]
                           [--auto-commit-every AUTO_COMMIT_EVERY] [--no-push]
                           [--runlog RUNLOG]
                           spec
python3 -m unittest: error: --no-push requires --auto-commit-every > 0
....usage: python3 -m unittest [-h] [--base-dir BASE_DIR] [--script SCRIPT]
                           [--auto-commit-every AUTO_COMMIT_EVERY] [--no-push]
                           [--runlog RUNLOG]
                           spec
python3 -m unittest: error: --runlog requires --auto-commit-every > 0
.............................................
----------------------------------------------------------------------
Ran 125 tests in 0.039s

OK
